<?xml version="1.0" encoding="UTF-8"?>
<!-- Generated by org.testng.reporters.JUnitReportReporter -->
<testsuite hostname="TYSS-Manjappa" failures="0" tests="1" name="com.demo.naukri.mobile.Naukri_TC_001" time="61.542" errors="0" timestamp="2023-06-16T18:40:02 IST" skipped="0">
  <testcase classname="com.demo.naukri.mobile.Naukri_TC_001" name="test" time="61.542"/>
  <system-out/>
</testsuite> <!-- com.demo.naukri.mobile.Naukri_TC_001 -->
