<?xml version="1.0" encoding="UTF-8"?>
<!-- Generated by org.testng.reporters.JUnitReportReporter -->
<testsuite hostname="TYSS-Manjappa" failures="0" tests="1" name="com.demo.web.amazon.Amazon_Automation_TC_01" time="120.406" errors="0" timestamp="2023-06-16T19:19:54 IST" skipped="0">
  <testcase classname="com.demo.web.amazon.Amazon_Automation_TC_01" name="test" time="120.406"/>
  <system-out/>
</testsuite> <!-- com.demo.web.amazon.Amazon_Automation_TC_01 -->
