<?xml version="1.0" encoding="UTF-8"?>
<!-- Generated by org.testng.reporters.JUnitReportReporter -->
<testsuite hostname="TYSS-Manjappa" failures="0" tests="1" name="com.demo.Demo" time="105.244" errors="0" timestamp="2023-06-16T17:33:33 IST" skipped="0">
  <testcase classname="com.demo.Demo" name="main" time="105.244"/>
  <system-out/>
</testsuite> <!-- com.demo.Demo -->
